app/build/intermediates/manifest_merge_blame_file/debug/processDebugMainManifest/manifest-merger-blame-debug-report.txt
1<?xml version="1.0" encoding="utf-8"?>
2<manifest xmlns:android="http://schemas.android.com/apk/res/android"
3    package="com.code.key"
4    android:versionCode="1"
5    android:versionName="1.0" >
6
7    <uses-sdk
8        android:minSdkVersion="26"
9        android:targetSdkVersion="36" />
10
11    <uses-permission android:name="android.permission.FOREGROUND_SERVICE_DATA_SYNC" />
11-->src/main/AndroidManifest.xml:3:5-4:74
11-->src/main/AndroidManifest.xml:4:9-71
12    <uses-permission android:name="android.permission.GET_PACKAGE_SIZE" />
12-->[logger-runtime.aar] AndroidManifest.xml:7:5-75
12-->[logger-runtime.aar] AndroidManifest.xml:7:22-72
13    <uses-permission android:name="android.permission.QUERY_ALL_PACKAGES" />
13-->[logger-runtime.aar] AndroidManifest.xml:8:5-77
13-->[logger-runtime.aar] AndroidManifest.xml:8:22-74
14
15    <queries>
15-->[logger-runtime.aar] AndroidManifest.xml:10:5-12:15
16        <package android:name="io.github.mohammedbaqernull.logger" />
16-->[logger-runtime.aar] AndroidManifest.xml:11:9-70
16-->[logger-runtime.aar] AndroidManifest.xml:11:18-67
17    </queries>
18
19    <permission
19-->[androidx.core:core:1.18.0-rc01] AndroidManifest.xml:22:5-24:47
20        android:name="com.code.key.DYNAMIC_RECEIVER_NOT_EXPORTED_PERMISSION"
20-->[androidx.core:core:1.18.0-rc01] AndroidManifest.xml:23:9-81
21        android:protectionLevel="signature" />
21-->[androidx.core:core:1.18.0-rc01] AndroidManifest.xml:24:9-44
22
23    <uses-permission android:name="com.code.key.DYNAMIC_RECEIVER_NOT_EXPORTED_PERMISSION" />
23-->[androidx.core:core:1.18.0-rc01] AndroidManifest.xml:26:5-97
23-->[androidx.core:core:1.18.0-rc01] AndroidManifest.xml:26:22-94
24
25    <application
25-->src/main/AndroidManifest.xml:5:5-34:19
26        android:allowBackup="true"
26-->src/main/AndroidManifest.xml:6:9-35
27        android:appComponentFactory="androidx.core.app.CoreComponentFactory"
27-->[androidx.core:core:1.18.0-rc01] AndroidManifest.xml:28:18-86
28        android:debuggable="true"
29        android:extractNativeLibs="false"
30        android:icon="@drawable/logo"
30-->src/main/AndroidManifest.xml:7:9-38
31        android:label="@string/app_name"
31-->src/main/AndroidManifest.xml:8:9-41
32        android:roundIcon="@mipmap/ic_launcher_round"
32-->src/main/AndroidManifest.xml:9:9-54
33        android:supportsRtl="true"
33-->src/main/AndroidManifest.xml:10:9-35
34        android:theme="@style/Theme.ComposeEmptyActivity" >
34-->src/main/AndroidManifest.xml:11:9-58
35        <activity
35-->src/main/AndroidManifest.xml:12:9-20:20
36            android:name="com.code.key.MainActivity"
36-->src/main/AndroidManifest.xml:13:13-41
37            android:exported="true"
37-->src/main/AndroidManifest.xml:14:13-36
38            android:theme="@style/Theme.ComposeEmptyActivity" >
38-->src/main/AndroidManifest.xml:15:13-62
39            <intent-filter>
39-->src/main/AndroidManifest.xml:16:13-19:29
40                <action android:name="android.intent.action.MAIN" />
40-->src/main/AndroidManifest.xml:17:17-69
40-->src/main/AndroidManifest.xml:17:25-66
41
42                <category android:name="android.intent.category.LAUNCHER" />
42-->src/main/AndroidManifest.xml:18:17-77
42-->src/main/AndroidManifest.xml:18:27-74
43            </intent-filter>
44        </activity>
45
46        <service
46-->src/main/AndroidManifest.xml:21:9-32:11
47            android:name="com.code.key.CodeKeyService"
47-->src/main/AndroidManifest.xml:22:5-35
48            android:exported="true"
48-->src/main/AndroidManifest.xml:25:5-28
49            android:label="CodeKey"
49-->src/main/AndroidManifest.xml:23:5-28
50            android:permission="android.permission.BIND_INPUT_METHOD" >
50-->src/main/AndroidManifest.xml:24:5-62
51            <intent-filter>
51-->src/main/AndroidManifest.xml:26:5-28:21
52                <action android:name="android.view.InputMethod" />
52-->src/main/AndroidManifest.xml:27:9-59
52-->src/main/AndroidManifest.xml:27:17-56
53            </intent-filter>
54
55            <meta-data
55-->src/main/AndroidManifest.xml:29:5-31:42
56                android:name="android.view.im"
56-->src/main/AndroidManifest.xml:30:9-39
57                android:resource="@xml/method" />
57-->src/main/AndroidManifest.xml:31:9-39
58        </service>
59
60        <provider
60-->[logger-runtime.aar] AndroidManifest.xml:15:9-18:39
61            android:name="io.github.mohammedbaqernull.logger.logwire.LogWireInitializer"
61-->[logger-runtime.aar] AndroidManifest.xml:16:13-89
62            android:authorities="com.code.key.logwire.initializer"
62-->[logger-runtime.aar] AndroidManifest.xml:17:13-71
63            android:exported="true" />
63-->[logger-runtime.aar] AndroidManifest.xml:18:13-36
64
65        <activity
65-->[androidx.compose.ui:ui-tooling-android:1.9.4] AndroidManifest.xml:23:9-25:39
66            android:name="androidx.compose.ui.tooling.PreviewActivity"
66-->[androidx.compose.ui:ui-tooling-android:1.9.4] AndroidManifest.xml:24:13-71
67            android:exported="true" />
67-->[androidx.compose.ui:ui-tooling-android:1.9.4] AndroidManifest.xml:25:13-36
68        <activity
68-->[androidx.compose.ui:ui-test-manifest:1.9.4] AndroidManifest.xml:23:9-26:79
69            android:name="androidx.activity.ComponentActivity"
69-->[androidx.compose.ui:ui-test-manifest:1.9.4] AndroidManifest.xml:24:13-63
70            android:exported="true"
70-->[androidx.compose.ui:ui-test-manifest:1.9.4] AndroidManifest.xml:25:13-36
71            android:theme="@android:style/Theme.Material.Light.NoActionBar" />
71-->[androidx.compose.ui:ui-test-manifest:1.9.4] AndroidManifest.xml:26:13-76
72
73        <provider
73-->[androidx.emoji2:emoji2:1.4.0] AndroidManifest.xml:24:9-32:20
74            android:name="androidx.startup.InitializationProvider"
74-->[androidx.emoji2:emoji2:1.4.0] AndroidManifest.xml:25:13-67
75            android:authorities="com.code.key.androidx-startup"
75-->[androidx.emoji2:emoji2:1.4.0] AndroidManifest.xml:26:13-68
76            android:exported="false" >
76-->[androidx.emoji2:emoji2:1.4.0] AndroidManifest.xml:27:13-37
77            <meta-data
77-->[androidx.emoji2:emoji2:1.4.0] AndroidManifest.xml:29:13-31:52
78                android:name="androidx.emoji2.text.EmojiCompatInitializer"
78-->[androidx.emoji2:emoji2:1.4.0] AndroidManifest.xml:30:17-75
79                android:value="androidx.startup" />
79-->[androidx.emoji2:emoji2:1.4.0] AndroidManifest.xml:31:17-49
80            <meta-data
80-->[androidx.lifecycle:lifecycle-process:2.10.0] AndroidManifest.xml:29:13-31:52
81                android:name="androidx.lifecycle.ProcessLifecycleInitializer"
81-->[androidx.lifecycle:lifecycle-process:2.10.0] AndroidManifest.xml:30:17-78
82                android:value="androidx.startup" />
82-->[androidx.lifecycle:lifecycle-process:2.10.0] AndroidManifest.xml:31:17-49
83            <meta-data
83-->[androidx.profileinstaller:profileinstaller:1.4.0] AndroidManifest.xml:29:13-31:52
84                android:name="androidx.profileinstaller.ProfileInstallerInitializer"
84-->[androidx.profileinstaller:profileinstaller:1.4.0] AndroidManifest.xml:30:17-85
85                android:value="androidx.startup" />
85-->[androidx.profileinstaller:profileinstaller:1.4.0] AndroidManifest.xml:31:17-49
86        </provider>
87
88        <service
88-->[androidx.room:room-runtime-android:2.8.4] AndroidManifest.xml:24:9-28:63
89            android:name="androidx.room.MultiInstanceInvalidationService"
89-->[androidx.room:room-runtime-android:2.8.4] AndroidManifest.xml:25:13-74
90            android:directBootAware="true"
90-->[androidx.room:room-runtime-android:2.8.4] AndroidManifest.xml:26:13-43
91            android:exported="false" />
91-->[androidx.room:room-runtime-android:2.8.4] AndroidManifest.xml:27:13-37
92
93        <receiver
93-->[androidx.profileinstaller:profileinstaller:1.4.0] AndroidManifest.xml:34:9-52:20
94            android:name="androidx.profileinstaller.ProfileInstallReceiver"
94-->[androidx.profileinstaller:profileinstaller:1.4.0] AndroidManifest.xml:35:13-76
95            android:directBootAware="false"
95-->[androidx.profileinstaller:profileinstaller:1.4.0] AndroidManifest.xml:36:13-44
96            android:enabled="true"
96-->[androidx.profileinstaller:profileinstaller:1.4.0] AndroidManifest.xml:37:13-35
97            android:exported="true"
97-->[androidx.profileinstaller:profileinstaller:1.4.0] AndroidManifest.xml:38:13-36
98            android:permission="android.permission.DUMP" >
98-->[androidx.profileinstaller:profileinstaller:1.4.0] AndroidManifest.xml:39:13-57
99            <intent-filter>
99-->[androidx.profileinstaller:profileinstaller:1.4.0] AndroidManifest.xml:40:13-42:29
100                <action android:name="androidx.profileinstaller.action.INSTALL_PROFILE" />
100-->[androidx.profileinstaller:profileinstaller:1.4.0] AndroidManifest.xml:41:17-91
100-->[androidx.profileinstaller:profileinstaller:1.4.0] AndroidManifest.xml:41:25-88
101            </intent-filter>
102            <intent-filter>
102-->[androidx.profileinstaller:profileinstaller:1.4.0] AndroidManifest.xml:43:13-45:29
103                <action android:name="androidx.profileinstaller.action.SKIP_FILE" />
103-->[androidx.profileinstaller:profileinstaller:1.4.0] AndroidManifest.xml:44:17-85
103-->[androidx.profileinstaller:profileinstaller:1.4.0] AndroidManifest.xml:44:25-82
104            </intent-filter>
105            <intent-filter>
105-->[androidx.profileinstaller:profileinstaller:1.4.0] AndroidManifest.xml:46:13-48:29
106                <action android:name="androidx.profileinstaller.action.SAVE_PROFILE" />
106-->[androidx.profileinstaller:profileinstaller:1.4.0] AndroidManifest.xml:47:17-88
106-->[androidx.profileinstaller:profileinstaller:1.4.0] AndroidManifest.xml:47:25-85
107            </intent-filter>
108            <intent-filter>
108-->[androidx.profileinstaller:profileinstaller:1.4.0] AndroidManifest.xml:49:13-51:29
109                <action android:name="androidx.profileinstaller.action.BENCHMARK_OPERATION" />
109-->[androidx.profileinstaller:profileinstaller:1.4.0] AndroidManifest.xml:50:17-95
109-->[androidx.profileinstaller:profileinstaller:1.4.0] AndroidManifest.xml:50:25-92
110            </intent-filter>
111        </receiver>
112    </application>
113
114</manifest>